c:\users\yhnu1\desktop\ds_project - 복사본 (2)\ds_과제3_2013104094_윤승우\x64\debug\vc140.pdb
c:\users\yhnu1\desktop\ds_project - 복사본 (2)\ds_과제3_2013104094_윤승우\x64\debug\vc140.idb
c:\users\yhnu1\desktop\ds_project - 복사본 (2)\ds_과제3_2013104094_윤승우\x64\debug\application.obj
c:\users\yhnu1\desktop\ds_project - 복사본 (2)\ds_과제3_2013104094_윤승우\x64\debug\mail.obj
c:\users\yhnu1\desktop\ds_project - 복사본 (2)\ds_과제3_2013104094_윤승우\x64\debug\main.obj
c:\users\yhnu1\desktop\ds_project - 복사본 (2)\ds_과제3_2013104094_윤승우\x64\debug\contact.obj
c:\users\yhnu1\desktop\ds_project - 복사본 (2)\ds_과제3_2013104094_윤승우\x64\debug\user.obj
c:\users\yhnu1\desktop\ds_project - 복사본 (2)\ds_과제3_2013104094_윤승우\x64\debug\folder.obj
c:\users\yhnu1\desktop\ds_project - 복사본 (2)\x64\debug\ds_과제3_2013104094_윤승우.ilk
c:\users\yhnu1\desktop\ds_project - 복사본 (2)\x64\debug\ds_과제3_2013104094_윤승우.exe
c:\users\yhnu1\desktop\ds_project - 복사본 (2)\x64\debug\ds_과제3_2013104094_윤승우.pdb
c:\users\yhnu1\desktop\ds_project - 복사본 (2)\ds_과제3_2013104094_윤승우\x64\debug\ds_과제3_2013104094_윤승우.res
c:\users\yhnu1\desktop\ds_project - 복사본 (2)\ds_과제3_2013104094_윤승우\x64\debug\ds_과제3_2.c3cf93ea.tlog\cl.command.1.tlog
c:\users\yhnu1\desktop\ds_project - 복사본 (2)\ds_과제3_2013104094_윤승우\x64\debug\ds_과제3_2.c3cf93ea.tlog\cl.read.1.tlog
c:\users\yhnu1\desktop\ds_project - 복사본 (2)\ds_과제3_2013104094_윤승우\x64\debug\ds_과제3_2.c3cf93ea.tlog\cl.write.1.tlog
c:\users\yhnu1\desktop\ds_project - 복사본 (2)\ds_과제3_2013104094_윤승우\x64\debug\ds_과제3_2.c3cf93ea.tlog\link.command.1.tlog
c:\users\yhnu1\desktop\ds_project - 복사본 (2)\ds_과제3_2013104094_윤승우\x64\debug\ds_과제3_2.c3cf93ea.tlog\link.read.1.tlog
c:\users\yhnu1\desktop\ds_project - 복사본 (2)\ds_과제3_2013104094_윤승우\x64\debug\ds_과제3_2.c3cf93ea.tlog\link.write.1.tlog
c:\users\yhnu1\desktop\ds_project - 복사본 (2)\ds_과제3_2013104094_윤승우\x64\debug\ds_과제3_2.c3cf93ea.tlog\rc.command.1.tlog
c:\users\yhnu1\desktop\ds_project - 복사본 (2)\ds_과제3_2013104094_윤승우\x64\debug\ds_과제3_2.c3cf93ea.tlog\rc.read.1.tlog
c:\users\yhnu1\desktop\ds_project - 복사본 (2)\ds_과제3_2013104094_윤승우\x64\debug\ds_과제3_2.c3cf93ea.tlog\rc.write.1.tlog
